<?xml version="1.0" encoding="UTF-8"?>
<testsuite name="com.kodilla.testing.forum.statistic.ForumStatisticTestSuit" tests="7" skipped="0" failures="0" errors="0" timestamp="2017-11-10T12:48:57" hostname="DESKTOP-771MS92" time="0.296">
  <properties/>
  <testcase name="numberOfCommentsMoreThenNumberOfPosts" classname="com.kodilla.testing.forum.statistic.ForumStatisticTestSuit" time="0.281"/>
  <testcase name="testNumberOfPosts1000" classname="com.kodilla.testing.forum.statistic.ForumStatisticTestSuit" time="0.0"/>
  <testcase name="numberOfCommentsLessThenNumberOfPosts" classname="com.kodilla.testing.forum.statistic.ForumStatisticTestSuit" time="0.0"/>
  <testcase name="testNumberOfCommentZero" classname="com.kodilla.testing.forum.statistic.ForumStatisticTestSuit" time="0.0"/>
  <testcase name="testNumberOfPostZero" classname="com.kodilla.testing.forum.statistic.ForumStatisticTestSuit" time="0.015"/>
  <testcase name="numberOfUserZero" classname="com.kodilla.testing.forum.statistic.ForumStatisticTestSuit" time="0.0"/>
  <testcase name="numberOfUsers100" classname="com.kodilla.testing.forum.statistic.ForumStatisticTestSuit" time="0.0"/>
  <system-out><![CDATA[]]></system-out>
  <system-err><![CDATA[]]></system-err>
</testsuite>
