<?xml version="1.0" encoding="UTF-8"?>
<testsuite name="com.kodilla.testing.shape.ShapeCollectorTestSuite" tests="5" skipped="0" failures="0" errors="0" timestamp="2017-11-10T12:48:57" hostname="DESKTOP-771MS92" time="0.015">
  <properties/>
  <testcase name="testShowFigures" classname="com.kodilla.testing.shape.ShapeCollectorTestSuite" time="0.0"/>
  <testcase name="testRemoveFigure" classname="com.kodilla.testing.shape.ShapeCollectorTestSuite" time="0.0"/>
  <testcase name="testRemoveNotExistingFigure" classname="com.kodilla.testing.shape.ShapeCollectorTestSuite" time="0.0"/>
  <testcase name="testAddFigure" classname="com.kodilla.testing.shape.ShapeCollectorTestSuite" time="0.0"/>
  <testcase name="testGetFigure" classname="com.kodilla.testing.shape.ShapeCollectorTestSuite" time="0.0"/>
  <system-out><![CDATA[]]></system-out>
  <system-err><![CDATA[]]></system-err>
</testsuite>
