<?xml version="1.0" encoding="UTF-8"?>
<testsuite name="com.kodilla.stream.array.ArrayOperationsTestSuite" tests="1" skipped="0" failures="0" errors="0" timestamp="2017-09-10T15:42:37" hostname="HP-ProBook-6360b" time="0.059">
  <properties/>
  <testcase name="testGetAverage" classname="com.kodilla.stream.array.ArrayOperationsTestSuite" time="0.059"/>
  <system-out><![CDATA[10
20
30
40
50
]]></system-out>
  <system-err><![CDATA[]]></system-err>
</testsuite>
