<?xml version="1.0" encoding="UTF-8"?>
<testsuite name="com.kodilla.patterns.prototype.library.LibraryTestSuite" tests="1" skipped="0" failures="0" errors="0" timestamp="2017-11-10T12:45:55" hostname="DESKTOP-771MS92" time="0.0">
  <properties/>
  <testcase name="testGetBooks" classname="com.kodilla.patterns.prototype.library.LibraryTestSuite" time="0.0"/>
  <system-out><![CDATA[Library [Library number 1]
Book{title='title 2', author='author 2', publicationDate=2015-08-08}
Book{title='title 3', author='author 3', publicationDate=2009-04-01}

Library [Library number 2]
Book{title='title 2', author='author 2', publicationDate=2015-08-08}
Book{title='title 3', author='author 3', publicationDate=2009-04-01}

Library [Library number 3]
Book{title='title 2', author='author 2', publicationDate=2015-08-08}
Book{title='title 1', author='author 1', publicationDate=2017-09-07}
Book{title='title 3', author='author 3', publicationDate=2009-04-01}

]]></system-out>
  <system-err><![CDATA[]]></system-err>
</testsuite>
