<?xml version="1.0" encoding="UTF-8"?>
<testsuite name="com.kodilla.patterns.singleton.LoggerTestSuite" tests="2" skipped="0" failures="0" errors="0" timestamp="2017-09-10T15:24:23" hostname="HP-ProBook-6360b" time="0.003">
  <properties/>
  <testcase name="testLog" classname="com.kodilla.patterns.singleton.LoggerTestSuite" time="0.002"/>
  <testcase name="testGetLastLog" classname="com.kodilla.patterns.singleton.LoggerTestSuite" time="0.0"/>
  <system-out><![CDATA[Log: [login]
]]></system-out>
  <system-err><![CDATA[]]></system-err>
</testsuite>
